<?xml version="1.0" encoding="UTF-8"?>
<testng-results ignored="1" total="8" passed="6" failed="1" skipped="0">
  <reporter-output>
    <line>
      <![CDATA[sanjay kumar]]>
    </line>
  </reporter-output>
  <suite started-at="2023-10-14T22:24:15 IST" name="Default suite" finished-at="2023-10-14T22:24:15 IST" duration-ms="89">
    <groups>
      <group name="Homepage">
        <method signature="Demo.m5()[pri:0, instance:Test_NG.Demo@43dac38f]" name="m5" class="Test_NG.Demo"/>
      </group> <!-- Homepage -->
      <group name="login">
        <method signature="Demo.m1()[pri:3, instance:Test_NG.Demo@43dac38f]" name="m1" class="Test_NG.Demo"/>
      </group> <!-- login -->
      <group name="sign in">
        <method signature="Demo.m4()[pri:1, instance:Test_NG.Demo@43dac38f]" name="m4" class="Test_NG.Demo"/>
      </group> <!-- sign in -->
    </groups>
    <test started-at="2023-10-14T22:24:15 IST" name="Default test" finished-at="2023-10-14T22:24:15 IST" duration-ms="89">
      <class name="Test_NG.Demo">
        <test-method signature="m4()[pri:1, instance:Test_NG.Demo@43dac38f]" started-at="2023-10-14T22:24:15 IST" name="m4" description="this is signIn pg test" finished-at="2023-10-14T22:24:15 IST" duration-ms="8" status="PASS">
          <reporter-output>
          </reporter-output>
        </test-method> <!-- m4 -->
        <test-method signature="m2()[pri:2, instance:Test_NG.Demo@43dac38f]" started-at="2023-10-14T22:24:15 IST" name="m2" finished-at="2023-10-14T22:24:15 IST" duration-ms="2" status="PASS">
          <reporter-output>
          </reporter-output>
        </test-method> <!-- m2 -->
        <test-method signature="m2()[pri:2, instance:Test_NG.Demo@43dac38f]" started-at="2023-10-14T22:24:15 IST" name="m2" finished-at="2023-10-14T22:24:15 IST" duration-ms="2" status="PASS">
          <reporter-output>
          </reporter-output>
        </test-method> <!-- m2 -->
        <test-method signature="m2()[pri:2, instance:Test_NG.Demo@43dac38f]" started-at="2023-10-14T22:24:15 IST" name="m2" finished-at="2023-10-14T22:24:15 IST" duration-ms="2" status="PASS">
          <reporter-output>
          </reporter-output>
        </test-method> <!-- m2 -->
        <test-method signature="m2()[pri:2, instance:Test_NG.Demo@43dac38f]" started-at="2023-10-14T22:24:15 IST" name="m2" finished-at="2023-10-14T22:24:15 IST" duration-ms="2" status="PASS">
          <reporter-output>
          </reporter-output>
        </test-method> <!-- m2 -->
        <test-method signature="m1()[pri:3, instance:Test_NG.Demo@43dac38f]" started-at="2023-10-14T22:24:15 IST" name="m1" description="this is LogIn pg test" finished-at="2023-10-14T22:24:15 IST" duration-ms="10" status="FAIL">
          <exception class="java.lang.AssertionError">
            <full-stacktrace>
              <![CDATA[java.lang.AssertionError
at org.junit.Assert.fail(Assert.java:86)
at org.junit.Assert.fail(Assert.java:95)
at Test_NG.Demo.m1(Demo.java:13)
at java.base/jdk.internal.reflect.NativeMethodAccessorImpl.invoke0(Native Method)
at java.base/jdk.internal.reflect.NativeMethodAccessorImpl.invoke(NativeMethodAccessorImpl.java:77)
at java.base/jdk.internal.reflect.DelegatingMethodAccessorImpl.invoke(DelegatingMethodAccessorImpl.java:43)
at java.base/java.lang.reflect.Method.invoke(Method.java:568)
at org.testng.internal.MethodInvocationHelper.invokeMethod(MethodInvocationHelper.java:133)
at org.testng.internal.TestInvoker.invokeMethod(TestInvoker.java:598)
at org.testng.internal.TestInvoker.invokeTestMethod(TestInvoker.java:173)
at org.testng.internal.MethodRunner.runInSequence(MethodRunner.java:46)
at org.testng.internal.TestInvoker$MethodInvocationAgent.invoke(TestInvoker.java:824)
at org.testng.internal.TestInvoker.invokeTestMethods(TestInvoker.java:146)
at org.testng.internal.TestMethodWorker.invokeTestMethods(TestMethodWorker.java:146)
at org.testng.internal.TestMethodWorker.run(TestMethodWorker.java:128)
at java.base/java.util.ArrayList.forEach(ArrayList.java:1511)
at org.testng.TestRunner.privateRun(TestRunner.java:794)
at org.testng.TestRunner.run(TestRunner.java:596)
at org.testng.SuiteRunner.runTest(SuiteRunner.java:377)
at org.testng.SuiteRunner.runSequentially(SuiteRunner.java:371)
at org.testng.SuiteRunner.privateRun(SuiteRunner.java:332)
at org.testng.SuiteRunner.run(SuiteRunner.java:276)
at org.testng.SuiteRunnerWorker.runSuite(SuiteRunnerWorker.java:53)
at org.testng.SuiteRunnerWorker.run(SuiteRunnerWorker.java:96)
at org.testng.TestNG.runSuitesSequentially(TestNG.java:1212)
at org.testng.TestNG.runSuitesLocally(TestNG.java:1134)
at org.testng.TestNG.runSuites(TestNG.java:1063)
at org.testng.TestNG.run(TestNG.java:1031)
at org.testng.remote.AbstractRemoteTestNG.run(AbstractRemoteTestNG.java:115)
at org.testng.remote.RemoteTestNG.initAndRun(RemoteTestNG.java:251)
at org.testng.remote.RemoteTestNG.main(RemoteTestNG.java:77)
]]>
            </full-stacktrace>
          </exception> <!-- java.lang.AssertionError -->
          <reporter-output>
            <line>
              <![CDATA[sanjay kumar]]>
            </line>
          </reporter-output>
        </test-method> <!-- m1 -->
        <test-method signature="m5()[pri:0, instance:Test_NG.Demo@43dac38f]" started-at="2023-10-14T22:24:15 IST" name="m5" finished-at="2023-10-14T22:24:15 IST" depends-on-methods="Test_NG.Demo.m1" duration-ms="1" status="PASS">
          <reporter-output>
          </reporter-output>
        </test-method> <!-- m5 -->
      </class> <!-- Test_NG.Demo -->
    </test> <!-- Default test -->
  </suite> <!-- Default suite -->
</testng-results>
